<?xml version="1.0" encoding="UTF-8"?>
<!-- Generated by org.testng.reporters.JUnitReportReporter -->
<testsuite skipped="0" hostname="ws-7124" name="testSuite.RestaurantSearchTest" tests="5" failures="0" timestamp="10 Jan 2019 09:55:30 GMT" time="102.547" errors="0">
  <testcase name="verifyRestaurantListingOnSearchResultPageTest" time="24.663" classname="testSuite.RestaurantSearchTest"/>
  <testcase name="restaurantSearchUsingPostCodeAndBangladeshiCuisineTest" time="17.537" classname="testSuite.RestaurantSearchTest"/>
  <testcase name="restaurantSearchUsingTownTest" time="20.535" classname="testSuite.RestaurantSearchTest"/>
  <testcase name="blankSearchTest" time="22.452" classname="testSuite.RestaurantSearchTest"/>
  <testcase name="restaurantSearchUsingPostalCodeTest" time="17.360" classname="testSuite.RestaurantSearchTest"/>
</testsuite> <!-- testSuite.RestaurantSearchTest -->
