<?xml version="1.0" encoding="UTF-8"?>
<!-- Generated by org.testng.reporters.JUnitReportReporter -->
<testsuite skipped="0" hostname="ws-7124" name="testSuite.checkFooterLinks" tests="2" failures="0" timestamp="27 Dec 2018 10:54:12 GMT" time="20.822" errors="0">
  <testcase name="clickOnIndianLinkTest" time="7.552" classname="testSuite.checkFooterLinks"/>
  <testcase name="clickOnBangladeshiLinkTest" time="13.270" classname="testSuite.checkFooterLinks"/>
</testsuite> <!-- testSuite.checkFooterLinks -->
