<?xml version="1.0" encoding="UTF-8"?>
<!-- Generated by org.testng.reporters.JUnitReportReporter -->
<testsuite skipped="0" hostname="ws-7124" name="testSuite.RestaurantSearchTest" tests="5" failures="0" timestamp="03 Jan 2019 10:00:18 GMT" time="117.907" errors="0">
  <testcase name="blankSearchTest" time="29.510" classname="testSuite.RestaurantSearchTest"/>
  <testcase name="restaurantSearchUsingPostalCodeTest" time="17.559" classname="testSuite.RestaurantSearchTest"/>
  <testcase name="verifyRestaurantListingOnSearchResultPageTest" time="27.184" classname="testSuite.RestaurantSearchTest"/>
  <testcase name="restaurantSearchUsingPostCodeAndBangladeshiCuisineTest" time="23.174" classname="testSuite.RestaurantSearchTest"/>
  <testcase name="restaurantSearchUsingTownTest" time="20.480" classname="testSuite.RestaurantSearchTest"/>
</testsuite> <!-- testSuite.RestaurantSearchTest -->
